<?xml version="1.0" encoding="UTF-8"?>
<robot generator="Robot 2.9 (Jython 2.7.0 on java1.8.0_65)" generated="20160127 21:17:35.297">
<suite source="C:\Users\Owner\Desktop\TicTacToe\acceptance\TicTacToeTests.txt" name="TicTacToeTests" id="s1">
<test name="Win Diagonally as X" id="s1-t1">
<kw library="TicTacToeKeywords" name="Start New Game">
<status endtime="20160127 21:17:35.805" starttime="20160127 21:17:35.800" status="PASS"></status>
</kw>
<kw library="TicTacToeKeywords" name="Mark Location">
<arguments>
<arg>1</arg>
<arg>1</arg>
</arguments>
<status endtime="20160127 21:17:35.814" starttime="20160127 21:17:35.807" status="PASS"></status>
</kw>
<kw name="Check Location">
<arguments>
<arg>1</arg>
<arg>1</arg>
<arg>X</arg>
</arguments>
<kw library="TicTacToeKeywords" name="Get Mark">
<arguments>
<arg>${row}</arg>
<arg>${col}</arg>
</arguments>
<assign>
<var>${m}</var>
</assign>
<msg level="INFO" timestamp="20160127 21:17:35.827">${m} = X</msg>
<status endtime="20160127 21:17:35.828" starttime="20160127 21:17:35.822" status="PASS"></status>
</kw>
<kw library="BuiltIn" name="Should Be Equal">
<doc>Fails if the given objects are unequal.</doc>
<arguments>
<arg>${m}</arg>
<arg>${mark}</arg>
</arguments>
<status endtime="20160127 21:17:35.835" starttime="20160127 21:17:35.830" status="PASS"></status>
</kw>
<status endtime="20160127 21:17:35.836" starttime="20160127 21:17:35.816" status="PASS"></status>
</kw>
<kw library="TicTacToeKeywords" name="Mark Location">
<arguments>
<arg>0</arg>
<arg>1</arg>
</arguments>
<status endtime="20160127 21:17:35.841" starttime="20160127 21:17:35.838" status="PASS"></status>
</kw>
<kw name="Check Location">
<arguments>
<arg>0</arg>
<arg>1</arg>
<arg>O</arg>
</arguments>
<kw library="TicTacToeKeywords" name="Get Mark">
<arguments>
<arg>${row}</arg>
<arg>${col}</arg>
</arguments>
<assign>
<var>${m}</var>
</assign>
<msg level="INFO" timestamp="20160127 21:17:35.853">${m} = O</msg>
<status endtime="20160127 21:17:35.854" starttime="20160127 21:17:35.848" status="PASS"></status>
</kw>
<kw library="BuiltIn" name="Should Be Equal">
<doc>Fails if the given objects are unequal.</doc>
<arguments>
<arg>${m}</arg>
<arg>${mark}</arg>
</arguments>
<status endtime="20160127 21:17:35.860" starttime="20160127 21:17:35.855" status="PASS"></status>
</kw>
<status endtime="20160127 21:17:35.861" starttime="20160127 21:17:35.843" status="PASS"></status>
</kw>
<kw library="TicTacToeKeywords" name="Mark Location">
<arguments>
<arg>0</arg>
<arg>0</arg>
</arguments>
<status endtime="20160127 21:17:35.868" starttime="20160127 21:17:35.865" status="PASS"></status>
</kw>
<kw name="Check Location">
<arguments>
<arg>0</arg>
<arg>0</arg>
<arg>X</arg>
</arguments>
<kw library="TicTacToeKeywords" name="Get Mark">
<arguments>
<arg>${row}</arg>
<arg>${col}</arg>
</arguments>
<assign>
<var>${m}</var>
</assign>
<msg level="INFO" timestamp="20160127 21:17:35.878">${m} = X</msg>
<status endtime="20160127 21:17:35.879" starttime="20160127 21:17:35.874" status="PASS"></status>
</kw>
<kw library="BuiltIn" name="Should Be Equal">
<doc>Fails if the given objects are unequal.</doc>
<arguments>
<arg>${m}</arg>
<arg>${mark}</arg>
</arguments>
<status endtime="20160127 21:17:35.885" starttime="20160127 21:17:35.880" status="PASS"></status>
</kw>
<status endtime="20160127 21:17:35.886" starttime="20160127 21:17:35.869" status="PASS"></status>
</kw>
<kw library="TicTacToeKeywords" name="Mark Location">
<arguments>
<arg>0</arg>
<arg>2</arg>
</arguments>
<status endtime="20160127 21:17:35.891" starttime="20160127 21:17:35.888" status="PASS"></status>
</kw>
<kw name="Check Location">
<arguments>
<arg>0</arg>
<arg>2</arg>
<arg>O</arg>
</arguments>
<kw library="TicTacToeKeywords" name="Get Mark">
<arguments>
<arg>${row}</arg>
<arg>${col}</arg>
</arguments>
<assign>
<var>${m}</var>
</assign>
<msg level="INFO" timestamp="20160127 21:17:35.901">${m} = O</msg>
<status endtime="20160127 21:17:35.902" starttime="20160127 21:17:35.897" status="PASS"></status>
</kw>
<kw library="BuiltIn" name="Should Be Equal">
<doc>Fails if the given objects are unequal.</doc>
<arguments>
<arg>${m}</arg>
<arg>${mark}</arg>
</arguments>
<status endtime="20160127 21:17:35.908" starttime="20160127 21:17:35.903" status="PASS"></status>
</kw>
<status endtime="20160127 21:17:35.909" starttime="20160127 21:17:35.892" status="PASS"></status>
</kw>
<kw library="TicTacToeKeywords" name="Mark Location">
<arguments>
<arg>2</arg>
<arg>2</arg>
</arguments>
<status endtime="20160127 21:17:35.915" starttime="20160127 21:17:35.912" status="PASS"></status>
</kw>
<kw name="Check Location">
<arguments>
<arg>2</arg>
<arg>2</arg>
<arg>X</arg>
</arguments>
<kw library="TicTacToeKeywords" name="Get Mark">
<arguments>
<arg>${row}</arg>
<arg>${col}</arg>
</arguments>
<assign>
<var>${m}</var>
</assign>
<msg level="INFO" timestamp="20160127 21:17:35.925">${m} = X</msg>
<status endtime="20160127 21:17:35.926" starttime="20160127 21:17:35.921" status="PASS"></status>
</kw>
<kw library="BuiltIn" name="Should Be Equal">
<doc>Fails if the given objects are unequal.</doc>
<arguments>
<arg>${m}</arg>
<arg>${mark}</arg>
</arguments>
<status endtime="20160127 21:17:35.932" starttime="20160127 21:17:35.927" status="PASS"></status>
</kw>
<status endtime="20160127 21:17:35.933" starttime="20160127 21:17:35.916" status="PASS"></status>
</kw>
<kw name="Winner Should Be">
<arguments>
<arg>X</arg>
</arguments>
<kw library="TicTacToeKeywords" name="Get Winner">
<assign>
<var>${m}</var>
</assign>
<msg level="INFO" timestamp="20160127 21:17:35.941">${m} = X</msg>
<status endtime="20160127 21:17:35.942" starttime="20160127 21:17:35.938" status="PASS"></status>
</kw>
<kw library="BuiltIn" name="Should Be Equal">
<doc>Fails if the given objects are unequal.</doc>
<arguments>
<arg>${m}</arg>
<arg>${mark}</arg>
</arguments>
<status endtime="20160127 21:17:35.948" starttime="20160127 21:17:35.943" status="PASS"></status>
</kw>
<status endtime="20160127 21:17:35.949" starttime="20160127 21:17:35.935" status="PASS"></status>
</kw>
<status critical="yes" endtime="20160127 21:17:35.951" starttime="20160127 21:17:35.792" status="PASS"></status>
</test>
<test name="Win Horizontally as O" id="s1-t2">
<kw library="TicTacToeKeywords" name="Start New Game">
<status endtime="20160127 21:17:35.977" starttime="20160127 21:17:35.974" status="PASS"></status>
</kw>
<kw library="TicTacToeKeywords" name="Mark Location">
<arguments>
<arg>1</arg>
<arg>1</arg>
</arguments>
<status endtime="20160127 21:17:35.983" starttime="20160127 21:17:35.980" status="PASS"></status>
</kw>
<kw name="Check Location">
<arguments>
<arg>1</arg>
<arg>1</arg>
<arg>X</arg>
</arguments>
<kw library="TicTacToeKeywords" name="Get Mark">
<arguments>
<arg>${row}</arg>
<arg>${col}</arg>
</arguments>
<assign>
<var>${m}</var>
</assign>
<msg level="INFO" timestamp="20160127 21:17:35.993">${m} = X</msg>
<status endtime="20160127 21:17:35.994" starttime="20160127 21:17:35.989" status="PASS"></status>
</kw>
<kw library="BuiltIn" name="Should Be Equal">
<doc>Fails if the given objects are unequal.</doc>
<arguments>
<arg>${m}</arg>
<arg>${mark}</arg>
</arguments>
<status endtime="20160127 21:17:36.000" starttime="20160127 21:17:35.995" status="PASS"></status>
</kw>
<status endtime="20160127 21:17:36.001" starttime="20160127 21:17:35.984" status="PASS"></status>
</kw>
<kw library="TicTacToeKeywords" name="Mark Location">
<arguments>
<arg>2</arg>
<arg>0</arg>
</arguments>
<status endtime="20160127 21:17:36.007" starttime="20160127 21:17:36.003" status="PASS"></status>
</kw>
<kw name="Check Location">
<arguments>
<arg>2</arg>
<arg>0</arg>
<arg>O</arg>
</arguments>
<kw library="TicTacToeKeywords" name="Get Mark">
<arguments>
<arg>${row}</arg>
<arg>${col}</arg>
</arguments>
<assign>
<var>${m}</var>
</assign>
<msg level="INFO" timestamp="20160127 21:17:36.019">${m} = O</msg>
<status endtime="20160127 21:17:36.020" starttime="20160127 21:17:36.015" status="PASS"></status>
</kw>
<kw library="BuiltIn" name="Should Be Equal">
<doc>Fails if the given objects are unequal.</doc>
<arguments>
<arg>${m}</arg>
<arg>${mark}</arg>
</arguments>
<status endtime="20160127 21:17:36.035" starttime="20160127 21:17:36.031" status="PASS"></status>
</kw>
<status endtime="20160127 21:17:36.036" starttime="20160127 21:17:36.009" status="PASS"></status>
</kw>
<kw library="TicTacToeKeywords" name="Mark Location">
<arguments>
<arg>0</arg>
<arg>0</arg>
</arguments>
<status endtime="20160127 21:17:36.040" starttime="20160127 21:17:36.038" status="PASS"></status>
</kw>
<kw name="Check Location">
<arguments>
<arg>0</arg>
<arg>0</arg>
<arg>X</arg>
</arguments>
<kw library="TicTacToeKeywords" name="Get Mark">
<arguments>
<arg>${row}</arg>
<arg>${col}</arg>
</arguments>
<assign>
<var>${m}</var>
</assign>
<msg level="INFO" timestamp="20160127 21:17:36.050">${m} = X</msg>
<status endtime="20160127 21:17:36.051" starttime="20160127 21:17:36.045" status="PASS"></status>
</kw>
<kw library="BuiltIn" name="Should Be Equal">
<doc>Fails if the given objects are unequal.</doc>
<arguments>
<arg>${m}</arg>
<arg>${mark}</arg>
</arguments>
<status endtime="20160127 21:17:36.056" starttime="20160127 21:17:36.052" status="PASS"></status>
</kw>
<status endtime="20160127 21:17:36.057" starttime="20160127 21:17:36.042" status="PASS"></status>
</kw>
<kw library="TicTacToeKeywords" name="Mark Location">
<arguments>
<arg>2</arg>
<arg>2</arg>
</arguments>
<status endtime="20160127 21:17:36.061" starttime="20160127 21:17:36.059" status="PASS"></status>
</kw>
<kw name="Check Location">
<arguments>
<arg>2</arg>
<arg>2</arg>
<arg>O</arg>
</arguments>
<kw library="TicTacToeKeywords" name="Get Mark">
<arguments>
<arg>${row}</arg>
<arg>${col}</arg>
</arguments>
<assign>
<var>${m}</var>
</assign>
<msg level="INFO" timestamp="20160127 21:17:36.070">${m} = O</msg>
<status endtime="20160127 21:17:36.070" starttime="20160127 21:17:36.066" status="PASS"></status>
</kw>
<kw library="BuiltIn" name="Should Be Equal">
<doc>Fails if the given objects are unequal.</doc>
<arguments>
<arg>${m}</arg>
<arg>${mark}</arg>
</arguments>
<status endtime="20160127 21:17:36.075" starttime="20160127 21:17:36.072" status="PASS"></status>
</kw>
<status endtime="20160127 21:17:36.076" starttime="20160127 21:17:36.062" status="PASS"></status>
</kw>
<kw library="TicTacToeKeywords" name="Mark Location">
<arguments>
<arg>0</arg>
<arg>2</arg>
</arguments>
<status endtime="20160127 21:17:36.081" starttime="20160127 21:17:36.079" status="PASS"></status>
</kw>
<kw name="Check Location">
<arguments>
<arg>0</arg>
<arg>2</arg>
<arg>X</arg>
</arguments>
<kw library="TicTacToeKeywords" name="Get Mark">
<arguments>
<arg>${row}</arg>
<arg>${col}</arg>
</arguments>
<assign>
<var>${m}</var>
</assign>
<msg level="INFO" timestamp="20160127 21:17:36.091">${m} = X</msg>
<status endtime="20160127 21:17:36.092" starttime="20160127 21:17:36.087" status="PASS"></status>
</kw>
<kw library="BuiltIn" name="Should Be Equal">
<doc>Fails if the given objects are unequal.</doc>
<arguments>
<arg>${m}</arg>
<arg>${mark}</arg>
</arguments>
<status endtime="20160127 21:17:36.098" starttime="20160127 21:17:36.093" status="PASS"></status>
</kw>
<status endtime="20160127 21:17:36.100" starttime="20160127 21:17:36.083" status="PASS"></status>
</kw>
<kw library="TicTacToeKeywords" name="Mark Location">
<arguments>
<arg>2</arg>
<arg>1</arg>
</arguments>
<status endtime="20160127 21:17:36.104" starttime="20160127 21:17:36.101" status="PASS"></status>
</kw>
<kw name="Check Location">
<arguments>
<arg>2</arg>
<arg>1</arg>
<arg>O</arg>
</arguments>
<kw library="TicTacToeKeywords" name="Get Mark">
<arguments>
<arg>${row}</arg>
<arg>${col}</arg>
</arguments>
<assign>
<var>${m}</var>
</assign>
<msg level="INFO" timestamp="20160127 21:17:36.113">${m} = O</msg>
<status endtime="20160127 21:17:36.113" starttime="20160127 21:17:36.109" status="PASS"></status>
</kw>
<kw library="BuiltIn" name="Should Be Equal">
<doc>Fails if the given objects are unequal.</doc>
<arguments>
<arg>${m}</arg>
<arg>${mark}</arg>
</arguments>
<status endtime="20160127 21:17:36.118" starttime="20160127 21:17:36.115" status="PASS"></status>
</kw>
<status endtime="20160127 21:17:36.119" starttime="20160127 21:17:36.105" status="PASS"></status>
</kw>
<kw name="Winner Should Be">
<arguments>
<arg>O</arg>
</arguments>
<kw library="TicTacToeKeywords" name="Get Winner">
<assign>
<var>${m}</var>
</assign>
<msg level="INFO" timestamp="20160127 21:17:36.126">${m} = O</msg>
<status endtime="20160127 21:17:36.127" starttime="20160127 21:17:36.124" status="PASS"></status>
</kw>
<kw library="BuiltIn" name="Should Be Equal">
<doc>Fails if the given objects are unequal.</doc>
<arguments>
<arg>${m}</arg>
<arg>${mark}</arg>
</arguments>
<status endtime="20160127 21:17:36.133" starttime="20160127 21:17:36.128" status="PASS"></status>
</kw>
<status endtime="20160127 21:17:36.134" starttime="20160127 21:17:36.121" status="PASS"></status>
</kw>
<status critical="yes" endtime="20160127 21:17:36.136" starttime="20160127 21:17:35.955" status="PASS"></status>
</test>
<test name="Force a Tie" id="s1-t3">
<kw library="TicTacToeKeywords" name="Start New Game">
<status endtime="20160127 21:17:36.146" starttime="20160127 21:17:36.144" status="PASS"></status>
</kw>
<kw library="TicTacToeKeywords" name="Mark Location">
<arguments>
<arg>1</arg>
<arg>1</arg>
</arguments>
<status endtime="20160127 21:17:36.151" starttime="20160127 21:17:36.148" status="PASS"></status>
</kw>
<kw name="Check Location">
<arguments>
<arg>1</arg>
<arg>1</arg>
<arg>X</arg>
</arguments>
<kw library="TicTacToeKeywords" name="Get Mark">
<arguments>
<arg>${row}</arg>
<arg>${col}</arg>
</arguments>
<assign>
<var>${m}</var>
</assign>
<msg level="INFO" timestamp="20160127 21:17:36.160">${m} = X</msg>
<status endtime="20160127 21:17:36.160" starttime="20160127 21:17:36.156" status="PASS"></status>
</kw>
<kw library="BuiltIn" name="Should Be Equal">
<doc>Fails if the given objects are unequal.</doc>
<arguments>
<arg>${m}</arg>
<arg>${mark}</arg>
</arguments>
<status endtime="20160127 21:17:36.167" starttime="20160127 21:17:36.162" status="PASS"></status>
</kw>
<status endtime="20160127 21:17:36.168" starttime="20160127 21:17:36.153" status="PASS"></status>
</kw>
<kw library="TicTacToeKeywords" name="Mark Location">
<arguments>
<arg>0</arg>
<arg>0</arg>
</arguments>
<status endtime="20160127 21:17:36.172" starttime="20160127 21:17:36.170" status="PASS"></status>
</kw>
<kw name="Check Location">
<arguments>
<arg>0</arg>
<arg>0</arg>
<arg>O</arg>
</arguments>
<kw library="TicTacToeKeywords" name="Get Mark">
<arguments>
<arg>${row}</arg>
<arg>${col}</arg>
</arguments>
<assign>
<var>${m}</var>
</assign>
<msg level="INFO" timestamp="20160127 21:17:36.181">${m} = O</msg>
<status endtime="20160127 21:17:36.182" starttime="20160127 21:17:36.177" status="PASS"></status>
</kw>
<kw library="BuiltIn" name="Should Be Equal">
<doc>Fails if the given objects are unequal.</doc>
<arguments>
<arg>${m}</arg>
<arg>${mark}</arg>
</arguments>
<status endtime="20160127 21:17:36.187" starttime="20160127 21:17:36.183" status="PASS"></status>
</kw>
<status endtime="20160127 21:17:36.188" starttime="20160127 21:17:36.174" status="PASS"></status>
</kw>
<kw library="TicTacToeKeywords" name="Mark Location">
<arguments>
<arg>2</arg>
<arg>0</arg>
</arguments>
<status endtime="20160127 21:17:36.192" starttime="20160127 21:17:36.190" status="PASS"></status>
</kw>
<kw name="Check Location">
<arguments>
<arg>2</arg>
<arg>0</arg>
<arg>X</arg>
</arguments>
<kw library="TicTacToeKeywords" name="Get Mark">
<arguments>
<arg>${row}</arg>
<arg>${col}</arg>
</arguments>
<assign>
<var>${m}</var>
</assign>
<msg level="INFO" timestamp="20160127 21:17:36.202">${m} = X</msg>
<status endtime="20160127 21:17:36.202" starttime="20160127 21:17:36.198" status="PASS"></status>
</kw>
<kw library="BuiltIn" name="Should Be Equal">
<doc>Fails if the given objects are unequal.</doc>
<arguments>
<arg>${m}</arg>
<arg>${mark}</arg>
</arguments>
<status endtime="20160127 21:17:36.208" starttime="20160127 21:17:36.204" status="PASS"></status>
</kw>
<status endtime="20160127 21:17:36.209" starttime="20160127 21:17:36.194" status="PASS"></status>
</kw>
<kw library="TicTacToeKeywords" name="Mark Location">
<arguments>
<arg>0</arg>
<arg>2</arg>
</arguments>
<status endtime="20160127 21:17:36.213" starttime="20160127 21:17:36.210" status="PASS"></status>
</kw>
<kw name="Check Location">
<arguments>
<arg>0</arg>
<arg>2</arg>
<arg>O</arg>
</arguments>
<kw library="TicTacToeKeywords" name="Get Mark">
<arguments>
<arg>${row}</arg>
<arg>${col}</arg>
</arguments>
<assign>
<var>${m}</var>
</assign>
<msg level="INFO" timestamp="20160127 21:17:36.221">${m} = O</msg>
<status endtime="20160127 21:17:36.221" starttime="20160127 21:17:36.217" status="PASS"></status>
</kw>
<kw library="BuiltIn" name="Should Be Equal">
<doc>Fails if the given objects are unequal.</doc>
<arguments>
<arg>${m}</arg>
<arg>${mark}</arg>
</arguments>
<status endtime="20160127 21:17:36.226" starttime="20160127 21:17:36.223" status="PASS"></status>
</kw>
<status endtime="20160127 21:17:36.227" starttime="20160127 21:17:36.214" status="PASS"></status>
</kw>
<kw library="TicTacToeKeywords" name="Mark Location">
<arguments>
<arg>0</arg>
<arg>1</arg>
</arguments>
<status endtime="20160127 21:17:36.232" starttime="20160127 21:17:36.229" status="PASS"></status>
</kw>
<kw name="Check Location">
<arguments>
<arg>0</arg>
<arg>1</arg>
<arg>X</arg>
</arguments>
<kw library="TicTacToeKeywords" name="Get Mark">
<arguments>
<arg>${row}</arg>
<arg>${col}</arg>
</arguments>
<assign>
<var>${m}</var>
</assign>
<msg level="INFO" timestamp="20160127 21:17:36.242">${m} = X</msg>
<status endtime="20160127 21:17:36.243" starttime="20160127 21:17:36.237" status="PASS"></status>
</kw>
<kw library="BuiltIn" name="Should Be Equal">
<doc>Fails if the given objects are unequal.</doc>
<arguments>
<arg>${m}</arg>
<arg>${mark}</arg>
</arguments>
<status endtime="20160127 21:17:36.248" starttime="20160127 21:17:36.244" status="PASS"></status>
</kw>
<status endtime="20160127 21:17:36.249" starttime="20160127 21:17:36.234" status="PASS"></status>
</kw>
<kw library="TicTacToeKeywords" name="Mark Location">
<arguments>
<arg>2</arg>
<arg>1</arg>
</arguments>
<status endtime="20160127 21:17:36.253" starttime="20160127 21:17:36.251" status="PASS"></status>
</kw>
<kw name="Check Location">
<arguments>
<arg>2</arg>
<arg>1</arg>
<arg>O</arg>
</arguments>
<kw library="TicTacToeKeywords" name="Get Mark">
<arguments>
<arg>${row}</arg>
<arg>${col}</arg>
</arguments>
<assign>
<var>${m}</var>
</assign>
<msg level="INFO" timestamp="20160127 21:17:36.261">${m} = O</msg>
<status endtime="20160127 21:17:36.262" starttime="20160127 21:17:36.258" status="PASS"></status>
</kw>
<kw library="BuiltIn" name="Should Be Equal">
<doc>Fails if the given objects are unequal.</doc>
<arguments>
<arg>${m}</arg>
<arg>${mark}</arg>
</arguments>
<status endtime="20160127 21:17:36.266" starttime="20160127 21:17:36.263" status="PASS"></status>
</kw>
<status endtime="20160127 21:17:36.268" starttime="20160127 21:17:36.254" status="PASS"></status>
</kw>
<kw library="TicTacToeKeywords" name="Mark Location">
<arguments>
<arg>1</arg>
<arg>2</arg>
</arguments>
<status endtime="20160127 21:17:36.271" starttime="20160127 21:17:36.269" status="PASS"></status>
</kw>
<kw name="Check Location">
<arguments>
<arg>1</arg>
<arg>2</arg>
<arg>X</arg>
</arguments>
<kw library="TicTacToeKeywords" name="Get Mark">
<arguments>
<arg>${row}</arg>
<arg>${col}</arg>
</arguments>
<assign>
<var>${m}</var>
</assign>
<msg level="INFO" timestamp="20160127 21:17:36.279">${m} = X</msg>
<status endtime="20160127 21:17:36.280" starttime="20160127 21:17:36.276" status="PASS"></status>
</kw>
<kw library="BuiltIn" name="Should Be Equal">
<doc>Fails if the given objects are unequal.</doc>
<arguments>
<arg>${m}</arg>
<arg>${mark}</arg>
</arguments>
<status endtime="20160127 21:17:36.302" starttime="20160127 21:17:36.283" status="PASS"></status>
</kw>
<status endtime="20160127 21:17:36.304" starttime="20160127 21:17:36.273" status="PASS"></status>
</kw>
<kw library="TicTacToeKeywords" name="Mark Location">
<arguments>
<arg>1</arg>
<arg>0</arg>
</arguments>
<status endtime="20160127 21:17:36.309" starttime="20160127 21:17:36.306" status="PASS"></status>
</kw>
<kw name="Check Location">
<arguments>
<arg>1</arg>
<arg>0</arg>
<arg>O</arg>
</arguments>
<kw library="TicTacToeKeywords" name="Get Mark">
<arguments>
<arg>${row}</arg>
<arg>${col}</arg>
</arguments>
<assign>
<var>${m}</var>
</assign>
<msg level="INFO" timestamp="20160127 21:17:36.319">${m} = O</msg>
<status endtime="20160127 21:17:36.320" starttime="20160127 21:17:36.316" status="PASS"></status>
</kw>
<kw library="BuiltIn" name="Should Be Equal">
<doc>Fails if the given objects are unequal.</doc>
<arguments>
<arg>${m}</arg>
<arg>${mark}</arg>
</arguments>
<status endtime="20160127 21:17:36.324" starttime="20160127 21:17:36.321" status="PASS"></status>
</kw>
<status endtime="20160127 21:17:36.325" starttime="20160127 21:17:36.311" status="PASS"></status>
</kw>
<kw library="TicTacToeKeywords" name="Mark Location">
<arguments>
<arg>2</arg>
<arg>2</arg>
</arguments>
<status endtime="20160127 21:17:36.329" starttime="20160127 21:17:36.327" status="PASS"></status>
</kw>
<kw name="Check Location">
<arguments>
<arg>2</arg>
<arg>2</arg>
<arg>X</arg>
</arguments>
<kw library="TicTacToeKeywords" name="Get Mark">
<arguments>
<arg>${row}</arg>
<arg>${col}</arg>
</arguments>
<assign>
<var>${m}</var>
</assign>
<msg level="INFO" timestamp="20160127 21:17:36.338">${m} = X</msg>
<status endtime="20160127 21:17:36.338" starttime="20160127 21:17:36.334" status="PASS"></status>
</kw>
<kw library="BuiltIn" name="Should Be Equal">
<doc>Fails if the given objects are unequal.</doc>
<arguments>
<arg>${m}</arg>
<arg>${mark}</arg>
</arguments>
<status endtime="20160127 21:17:36.343" starttime="20160127 21:17:36.340" status="PASS"></status>
</kw>
<status endtime="20160127 21:17:36.344" starttime="20160127 21:17:36.331" status="PASS"></status>
</kw>
<kw name="Winner Should Be">
<arguments>
<arg>TIE</arg>
</arguments>
<kw library="TicTacToeKeywords" name="Get Winner">
<assign>
<var>${m}</var>
</assign>
<msg level="INFO" timestamp="20160127 21:17:36.351">${m} = TIE</msg>
<status endtime="20160127 21:17:36.351" starttime="20160127 21:17:36.348" status="PASS"></status>
</kw>
<kw library="BuiltIn" name="Should Be Equal">
<doc>Fails if the given objects are unequal.</doc>
<arguments>
<arg>${m}</arg>
<arg>${mark}</arg>
</arguments>
<status endtime="20160127 21:17:36.355" starttime="20160127 21:17:36.352" status="PASS"></status>
</kw>
<status endtime="20160127 21:17:36.357" starttime="20160127 21:17:36.345" status="PASS"></status>
</kw>
<status critical="yes" endtime="20160127 21:17:36.358" starttime="20160127 21:17:36.139" status="PASS"></status>
</test>
<status endtime="20160127 21:17:36.364" starttime="20160127 21:17:35.312" status="PASS"></status>
</suite>
<statistics>
<total>
<stat pass="3" fail="0">Critical Tests</stat>
<stat pass="3" fail="0">All Tests</stat>
</total>
<tag>
</tag>
<suite>
<stat pass="3" fail="0" name="TicTacToeTests" id="s1">TicTacToeTests</stat>
</suite>
</statistics>
<errors>
</errors>
</robot>
