<?xml version="1.0" encoding="UTF-8"?>
<robot generator="Robot 2.9 (Jython 2.7.0 on java1.8.0_71)" generated="20160131 22:33:44.884">
<suite source="C:\Users\Owner\Desktop\TicTacToe\acceptance\TicTacToeTests.txt" name="TicTacToeTests" id="s1">
<test name="Win Diagonally as X" id="s1-t1">
<kw name="Start New Game">
<kw name="Start Application">
<arguments>
<arg>edu.jsu.mcis.TicTacToeGame</arg>
</arguments>
<msg level="FAIL" timestamp="20160131 22:33:45.687">No keyword with name 'Start Application' found.</msg>
<status endtime="20160131 22:33:45.687" starttime="20160131 22:33:45.687" status="FAIL"></status>
</kw>
<status endtime="20160131 22:33:45.702" starttime="20160131 22:33:45.640" status="FAIL"></status>
</kw>
<status critical="yes" endtime="20160131 22:33:45.702" starttime="20160131 22:33:45.624" status="FAIL">No keyword with name 'Start Application' found.</status>
</test>
<test name="Win Horizontally as O" id="s1-t2">
<kw name="Start New Game">
<kw name="Start Application">
<arguments>
<arg>edu.jsu.mcis.TicTacToeGame</arg>
</arguments>
<msg level="FAIL" timestamp="20160131 22:33:45.765">No keyword with name 'Start Application' found.</msg>
<status endtime="20160131 22:33:45.765" starttime="20160131 22:33:45.765" status="FAIL"></status>
</kw>
<status endtime="20160131 22:33:45.765" starttime="20160131 22:33:45.718" status="FAIL"></status>
</kw>
<status critical="yes" endtime="20160131 22:33:45.765" starttime="20160131 22:33:45.718" status="FAIL">No keyword with name 'Start Application' found.</status>
</test>
<test name="Force a Tie" id="s1-t3">
<kw name="Start New Game">
<kw name="Start Application">
<arguments>
<arg>edu.jsu.mcis.TicTacToeGame</arg>
</arguments>
<msg level="FAIL" timestamp="20160131 22:33:45.811">No keyword with name 'Start Application' found.</msg>
<status endtime="20160131 22:33:45.811" starttime="20160131 22:33:45.811" status="FAIL"></status>
</kw>
<status endtime="20160131 22:33:45.827" starttime="20160131 22:33:45.780" status="FAIL"></status>
</kw>
<status critical="yes" endtime="20160131 22:33:45.827" starttime="20160131 22:33:45.780" status="FAIL">No keyword with name 'Start Application' found.</status>
</test>
<status endtime="20160131 22:33:45.843" starttime="20160131 22:33:44.915" status="FAIL"></status>
</suite>
<statistics>
<total>
<stat pass="0" fail="3">Critical Tests</stat>
<stat pass="0" fail="3">All Tests</stat>
</total>
<tag>
</tag>
<suite>
<stat pass="0" fail="3" name="TicTacToeTests" id="s1">TicTacToeTests</stat>
</suite>
</statistics>
<errors>
<msg level="ERROR" timestamp="20160131 22:33:45.609">Error in file 'C:\Users\Owner\Desktop\TicTacToe\acceptance\TicTacToeTests.txt': Importing test library 'SwingLibrary' failed: ImportError: No module named SwingLibrary
Traceback (most recent call last):
  None
PYTHONPATH:
  C:\RobotFramework\Lib
  C:\RobotFramework\robotframework-2.9.jar\Lib
  __classpath__
  __pyclasspath__/
CLASSPATH:
  .
  ..\build\classes\main
  C:\RobotFramework\robotframework-2.9.jar</msg>
</errors>
</robot>
